0 info it worked if it ends with ok
1 verbose cli [ '/usr/bin/node', '/usr/bin/npm', 'run', 'dev' ]
2 info using npm@3.10.10
3 info using node@v6.9.5
4 warn invalid config proxy="http://"
5 warn invalid config Must be a full url with 'http://'
6 verbose run-script [ 'predev', 'dev', 'postdev' ]
7 info lifecycle beerSquadron@0.1.0~predev: beerSquadron@0.1.0
8 silly lifecycle beerSquadron@0.1.0~predev: no script for predev, continuing
9 info lifecycle beerSquadron@0.1.0~dev: beerSquadron@0.1.0
10 verbose lifecycle beerSquadron@0.1.0~dev: unsafe-perm in lifecycle true
11 verbose lifecycle beerSquadron@0.1.0~dev: PATH: /usr/lib/node_modules/npm/bin/node-gyp-bin:/home/elau/Development/hackathon/squadbeer/node_modules/.bin:/usr/lib64/qt-3.3/bin:/usr/local/bin:/usr/local/sbin:/usr/bin:/usr/sbin:/home/elau/bin
12 verbose lifecycle beerSquadron@0.1.0~dev: CWD: /home/elau/Development/hackathon/squadbeer
13 silly lifecycle beerSquadron@0.1.0~dev: Args: [ '-c', 'webpack-dev-server --hot --inline' ]
14 silly lifecycle beerSquadron@0.1.0~dev: Returned: code: 1  signal: null
15 info lifecycle beerSquadron@0.1.0~dev: Failed to exec dev script
16 verbose stack Error: beerSquadron@0.1.0 dev: `webpack-dev-server --hot --inline`
16 verbose stack Exit status 1
16 verbose stack     at EventEmitter.<anonymous> (/usr/lib/node_modules/npm/lib/utils/lifecycle.js:255:16)
16 verbose stack     at emitTwo (events.js:106:13)
16 verbose stack     at EventEmitter.emit (events.js:191:7)
16 verbose stack     at ChildProcess.<anonymous> (/usr/lib/node_modules/npm/lib/utils/spawn.js:40:14)
16 verbose stack     at emitTwo (events.js:106:13)
16 verbose stack     at ChildProcess.emit (events.js:191:7)
16 verbose stack     at maybeClose (internal/child_process.js:877:16)
16 verbose stack     at Process.ChildProcess._handle.onexit (internal/child_process.js:226:5)
17 verbose pkgid beerSquadron@0.1.0
18 verbose cwd /home/elau/Development/hackathon/squadbeer
19 error Linux 4.9.13-200.fc25.x86_64
20 error argv "/usr/bin/node" "/usr/bin/npm" "run" "dev"
21 error node v6.9.5
22 error npm  v3.10.10
23 error code ELIFECYCLE
24 error beerSquadron@0.1.0 dev: `webpack-dev-server --hot --inline`
24 error Exit status 1
25 error Failed at the beerSquadron@0.1.0 dev script 'webpack-dev-server --hot --inline'.
25 error Make sure you have the latest version of node.js and npm installed.
25 error If you do, this is most likely a problem with the beerSquadron package,
25 error not with npm itself.
25 error Tell the author that this fails on your system:
25 error     webpack-dev-server --hot --inline
25 error You can get information on how to open an issue for this project with:
25 error     npm bugs beerSquadron
25 error Or if that isn't available, you can get their info via:
25 error     npm owner ls beerSquadron
25 error There is likely additional logging output above.
26 verbose exit [ 1, true ]
